<?xml version="1.0" encoding="UTF-8"?>
<!-- Generated by org.testng.reporters.JUnitXMLReporter -->
<testsuite hostname="Siradjs-MacBook-Pro.local" name="smoketest" tests="28" failures="0" timestamp="17 Nov 2017 09:57:11 GMT" time="111.448" errors="0">
  <testcase name="testOpenLoginPopup" time="0.2" classname="smokeTest.OpenLoginPopupTest"/>
  <testcase name="testFillInLogin" time="0.397" classname="smokeTest.FillInLoginTest"/>
  <testcase name="testSelectDatepicker" time="2.281" classname="smokeTest.SelectDatepickerTest"/>
  <testcase name="testFillDatePicker" time="30.377" classname="smokeTest.DatepickerTest"/>
  <testcase name="testSelTabAnimations" time="0.119" classname="smokeTest.DatepickerTest"/>
  <testcase name="testTabAnimationsCommands" time="33.079" classname="smokeTest.DatepickerTest"/>
  <testcase name="testTabDisplayMonthAndYear" time="0.108" classname="smokeTest.DatepickerTest"/>
  <testcase name="testTabDisplayMonthAndYearCommands" time="30.222" classname="smokeTest.DatepickerTest"/>
  <testcase name="testSelTabFormatDate" time="0.133" classname="smokeTest.DatepickerTest"/>
  <testcase name="testTabFormatDateCommands" time="0.334" classname="smokeTest.DatepickerTest"/>
  <testcase name="testShowDatePicker" time="1.19" classname="smokeTest.DatepickerTest"/>
  <testcase name="testSelectSelectable" time="0.81" classname="smokeTest.SelectSelectableTest"/>
  <testcase name="testSelectableStep1" time="2.107" classname="smokeTest.SelectableTest"/>
  <testcase name="testSelectableStep2" time="0.099" classname="smokeTest.SelectableTest"/>
  <testcase name="testSelectableStep3" time="3.542" classname="smokeTest.SelectableTest"/>
  <testcase name="testSelectableStep4" time="0.095" classname="smokeTest.SelectableTest"/>
  <testcase name="testSelectableStep5" time="1.882" classname="smokeTest.SelectableTest"/>
  <testcase name="testSelectAlerts" time="0.443" classname="smokeTest.SelectAlertsTest"/>
  <testcase name="testAlertsStep1" time="0.443" classname="smokeTest.AlertsTest"/>
  <testcase name="testAlertsStep2" time="0.255" classname="smokeTest.AlertsTest"/>
  <testcase name="testAlertsStep3" time="0.114" classname="smokeTest.AlertsTest"/>
  <testcase name="testAlertsStep4" time="0.393" classname="smokeTest.AlertsTest"/>
  <testcase name="testAlertsStep5" time="0.258" classname="smokeTest.AlertsTest"/>
  <testcase name="testAlertsStep6" time="0.742" classname="smokeTest.AlertsTest"/>
  <testcase name="testSelectDroppable" time="0.483" classname="smokeTest.SelectDroppableTest"/>
  <testcase name="testDroppable" time="0.379" classname="smokeTest.DroppableTest"/>
  <testcase name="testSelectDroppable" time="0.503" classname="smokeTest.SelectSliderTest"/>
  <testcase name="testSlider" time="0.292" classname="smokeTest.SliderTest"/>
</testsuite> <!-- smoketest -->
