<?xml version="1.0" encoding="UTF-8"?>
<testng-results skipped="0" failed="1" total="3" passed="2">
  <reporter-output>
  </reporter-output>
  <suite name="suite" duration-ms="1238" started-at="2017-11-16T15:48:43Z" finished-at="2017-11-16T15:48:44Z">
    <groups>
    </groups>
    <test name="smoketest" duration-ms="1238" started-at="2017-11-16T15:48:43Z" finished-at="2017-11-16T15:48:44Z">
      <class name="smokeTest.SmokeTest">
        <test-method status="PASS" signature="setUp()[pri:0, instance:smokeTest.SmokeTest@3d24753a]" name="setUp" is-config="true" duration-ms="4209" started-at="2017-11-16T16:48:39Z" finished-at="2017-11-16T16:48:43Z">
          <reporter-output>
          </reporter-output>
        </test-method> <!-- setUp -->
        <test-method status="PASS" signature="testOpenLoginPopup()[pri:0, instance:smokeTest.SmokeTest@3d24753a]" name="testOpenLoginPopup" duration-ms="586" started-at="2017-11-16T16:48:43Z" finished-at="2017-11-16T16:48:44Z">
          <reporter-output>
          </reporter-output>
        </test-method> <!-- testOpenLoginPopup -->
        <test-method status="PASS" signature="testFillInLogin()[pri:0, instance:smokeTest.SmokeTest@3d24753a]" name="testFillInLogin" duration-ms="472" started-at="2017-11-16T16:48:44Z" depends-on-methods="smokeTest.SmokeTest.testOpenLoginPopup" finished-at="2017-11-16T16:48:44Z">
          <reporter-output>
          </reporter-output>
        </test-method> <!-- testFillInLogin -->
        <test-method status="PASS" signature="tearDown()[pri:0, instance:smokeTest.SmokeTest@3d24753a]" name="tearDown" is-config="true" duration-ms="0" started-at="2017-11-16T16:48:49Z" finished-at="2017-11-16T16:48:49Z">
          <reporter-output>
          </reporter-output>
        </test-method> <!-- tearDown -->
      </class> <!-- smokeTest.SmokeTest -->
      <class name="smokeTest.SecondTest">
        <test-method status="PASS" signature="readFiles()[pri:0, instance:smokeTest.SecondTest@566776ad]" name="readFiles" is-config="true" duration-ms="4" started-at="2017-11-16T16:48:43Z" finished-at="2017-11-16T16:48:43Z">
          <reporter-output>
          </reporter-output>
        </test-method> <!-- readFiles -->
        <test-method status="PASS" signature="setup()[pri:0, instance:smokeTest.SecondTest@566776ad]" name="setup" is-config="true" duration-ms="128" started-at="2017-11-16T16:48:43Z" finished-at="2017-11-16T16:48:43Z">
          <reporter-output>
          </reporter-output>
        </test-method> <!-- setup -->
        <test-method status="PASS" signature="readFiles()[pri:0, instance:smokeTest.SmokeTest@3d24753a]" name="readFiles" is-config="true" duration-ms="1" started-at="2017-11-16T16:48:43Z" finished-at="2017-11-16T16:48:43Z">
          <reporter-output>
          </reporter-output>
        </test-method> <!-- readFiles -->
        <test-method status="PASS" signature="setup()[pri:0, instance:smokeTest.SmokeTest@3d24753a]" name="setup" is-config="true" duration-ms="11" started-at="2017-11-16T16:48:43Z" finished-at="2017-11-16T16:48:43Z">
          <reporter-output>
          </reporter-output>
        </test-method> <!-- setup -->
        <test-method status="FAIL" signature="testSelectDatepicker()[pri:0, instance:smokeTest.SecondTest@566776ad]" name="testSelectDatepicker" duration-ms="1" started-at="2017-11-16T16:48:44Z" finished-at="2017-11-16T16:48:44Z">
          <exception class="java.lang.NullPointerException">
            <full-stacktrace>
              <![CDATA[java.lang.NullPointerException
	at org.openqa.selenium.support.pagefactory.DefaultElementLocator.findElement(DefaultElementLocator.java:69)
	at org.openqa.selenium.support.pagefactory.internal.LocatingElementHandler.invoke(LocatingElementHandler.java:38)
	at com.sun.proxy.$Proxy8.click(Unknown Source)
	at pageObjects.homePage.clickDatePickerLink(homePage.java:38)
	at smokeTest.SecondTest.testSelectDatepicker(SecondTest.java:68)
	at sun.reflect.NativeMethodAccessorImpl.invoke0(Native Method)
	at sun.reflect.NativeMethodAccessorImpl.invoke(NativeMethodAccessorImpl.java:62)
	at sun.reflect.DelegatingMethodAccessorImpl.invoke(DelegatingMethodAccessorImpl.java:43)
	at java.lang.reflect.Method.invoke(Method.java:498)
	at org.testng.internal.MethodInvocationHelper.invokeMethod(MethodInvocationHelper.java:80)
	at org.testng.internal.Invoker.invokeMethod(Invoker.java:714)
	at org.testng.internal.Invoker.invokeTestMethod(Invoker.java:901)
	at org.testng.internal.Invoker.invokeTestMethods(Invoker.java:1231)
	at org.testng.internal.TestMethodWorker.invokeTestMethods(TestMethodWorker.java:127)
	at org.testng.internal.TestMethodWorker.run(TestMethodWorker.java:111)
	at org.testng.TestRunner.privateRun(TestRunner.java:767)
	at org.testng.TestRunner.run(TestRunner.java:617)
	at org.testng.SuiteRunner.runTest(SuiteRunner.java:334)
	at org.testng.SuiteRunner.runSequentially(SuiteRunner.java:329)
	at org.testng.SuiteRunner.privateRun(SuiteRunner.java:291)
	at org.testng.SuiteRunner.run(SuiteRunner.java:240)
	at org.testng.SuiteRunnerWorker.runSuite(SuiteRunnerWorker.java:52)
	at org.testng.SuiteRunnerWorker.run(SuiteRunnerWorker.java:86)
	at org.testng.TestNG.runSuitesSequentially(TestNG.java:1198)
	at org.testng.TestNG.runSuitesLocally(TestNG.java:1123)
	at org.testng.TestNG.run(TestNG.java:1031)
	at org.apache.maven.surefire.testng.TestNGExecutor.run(TestNGExecutor.java:281)
	at org.apache.maven.surefire.testng.TestNGXmlTestSuite.execute(TestNGXmlTestSuite.java:75)
	at org.apache.maven.surefire.testng.TestNGProvider.invoke(TestNGProvider.java:121)
	at org.apache.maven.surefire.booter.ForkedBooter.invokeProviderInSameClassLoader(ForkedBooter.java:290)
	at org.apache.maven.surefire.booter.ForkedBooter.runSuitesInProcess(ForkedBooter.java:242)
	at org.apache.maven.surefire.booter.ForkedBooter.main(ForkedBooter.java:121)
]]>
            </full-stacktrace>
          </exception> <!-- java.lang.NullPointerException -->
          <reporter-output>
          </reporter-output>
        </test-method> <!-- testSelectDatepicker -->
      </class> <!-- smokeTest.SecondTest -->
    </test> <!-- smoketest -->
  </suite> <!-- suite -->
</testng-results>
