<?xml version="1.0" encoding="UTF-8"?>
<testng-results skipped="0" failed="0" total="28" passed="28">
  <reporter-output>
  </reporter-output>
  <suite name="suite" duration-ms="111448" started-at="2017-11-17T09:55:15Z" finished-at="2017-11-17T09:57:06Z">
    <groups>
    </groups>
    <test name="smoketest" duration-ms="111448" started-at="2017-11-17T09:55:15Z" finished-at="2017-11-17T09:57:06Z">
      <class name="smokeTest.SelectAlertsTest">
        <test-method status="PASS" signature="setUp()[pri:0, instance:smokeTest.SelectAlertsTest@3796751b]" name="setUp" is-config="true" duration-ms="4299" started-at="2017-11-17T10:55:10Z" finished-at="2017-11-17T10:55:15Z">
          <reporter-output>
          </reporter-output>
        </test-method> <!-- setUp -->
        <test-method status="PASS" signature="testSelectAlerts()[pri:0, instance:smokeTest.SelectAlertsTest@3796751b]" name="testSelectAlerts" duration-ms="443" started-at="2017-11-17T10:57:02Z" finished-at="2017-11-17T10:57:02Z">
          <reporter-output>
          </reporter-output>
        </test-method> <!-- testSelectAlerts -->
        <test-method status="PASS" signature="tearDown()[pri:0, instance:smokeTest.SelectAlertsTest@3796751b]" name="tearDown" is-config="true" duration-ms="0" started-at="2017-11-17T10:57:11Z" finished-at="2017-11-17T10:57:11Z">
          <reporter-output>
          </reporter-output>
        </test-method> <!-- tearDown -->
      </class> <!-- smokeTest.SelectAlertsTest -->
      <class name="smokeTest.SelectableTest">
        <test-method status="PASS" signature="testSelectableStep1()[pri:0, instance:smokeTest.SelectableTest@2ed94a8b]" name="testSelectableStep1" duration-ms="2107" started-at="2017-11-17T10:56:54Z" finished-at="2017-11-17T10:56:56Z">
          <reporter-output>
          </reporter-output>
        </test-method> <!-- testSelectableStep1 -->
        <test-method status="PASS" signature="testSelectableStep2()[pri:0, instance:smokeTest.SelectableTest@2ed94a8b]" name="testSelectableStep2" duration-ms="99" started-at="2017-11-17T10:56:56Z" depends-on-methods="smokeTest.SelectableTest.testSelectableStep1" finished-at="2017-11-17T10:56:56Z">
          <reporter-output>
          </reporter-output>
        </test-method> <!-- testSelectableStep2 -->
        <test-method status="PASS" signature="testSelectableStep3()[pri:0, instance:smokeTest.SelectableTest@2ed94a8b]" name="testSelectableStep3" duration-ms="3542" started-at="2017-11-17T10:56:56Z" depends-on-methods="smokeTest.SelectableTest.testSelectableStep2" finished-at="2017-11-17T10:57:00Z">
          <reporter-output>
          </reporter-output>
        </test-method> <!-- testSelectableStep3 -->
        <test-method status="PASS" signature="testSelectableStep4()[pri:0, instance:smokeTest.SelectableTest@2ed94a8b]" name="testSelectableStep4" duration-ms="95" started-at="2017-11-17T10:57:00Z" depends-on-methods="smokeTest.SelectableTest.testSelectableStep3" finished-at="2017-11-17T10:57:00Z">
          <reporter-output>
          </reporter-output>
        </test-method> <!-- testSelectableStep4 -->
        <test-method status="PASS" signature="testSelectableStep5()[pri:0, instance:smokeTest.SelectableTest@2ed94a8b]" name="testSelectableStep5" duration-ms="1882" started-at="2017-11-17T10:57:00Z" depends-on-methods="smokeTest.SelectableTest.testSelectableStep4" finished-at="2017-11-17T10:57:02Z">
          <reporter-output>
          </reporter-output>
        </test-method> <!-- testSelectableStep5 -->
      </class> <!-- smokeTest.SelectableTest -->
      <class name="smokeTest.DroppableTest">
        <test-method status="PASS" signature="testDroppable()[pri:0, instance:smokeTest.DroppableTest@79b4d0f]" name="testDroppable" duration-ms="379" started-at="2017-11-17T10:57:05Z" finished-at="2017-11-17T10:57:05Z">
          <reporter-output>
          </reporter-output>
        </test-method> <!-- testDroppable -->
      </class> <!-- smokeTest.DroppableTest -->
      <class name="smokeTest.SelectDroppableTest">
        <test-method status="PASS" signature="testSelectDroppable()[pri:0, instance:smokeTest.SelectDroppableTest@3cda1055]" name="testSelectDroppable" duration-ms="483" started-at="2017-11-17T10:57:04Z" finished-at="2017-11-17T10:57:05Z">
          <reporter-output>
          </reporter-output>
        </test-method> <!-- testSelectDroppable -->
      </class> <!-- smokeTest.SelectDroppableTest -->
      <class name="smokeTest.FillInLoginTest">
        <test-method status="PASS" signature="testFillInLogin()[pri:0, instance:smokeTest.FillInLoginTest@79698539]" name="testFillInLogin" duration-ms="397" started-at="2017-11-17T10:55:15Z" finished-at="2017-11-17T10:55:15Z">
          <reporter-output>
          </reporter-output>
        </test-method> <!-- testFillInLogin -->
      </class> <!-- smokeTest.FillInLoginTest -->
      <class name="smokeTest.SelectDatepickerTest">
        <test-method status="PASS" signature="testSelectDatepicker()[pri:0, instance:smokeTest.SelectDatepickerTest@380fb434]" name="testSelectDatepicker" duration-ms="2281" started-at="2017-11-17T10:55:15Z" finished-at="2017-11-17T10:55:18Z">
          <reporter-output>
          </reporter-output>
        </test-method> <!-- testSelectDatepicker -->
      </class> <!-- smokeTest.SelectDatepickerTest -->
      <class name="smokeTest.SelectSelectableTest">
        <test-method status="PASS" signature="testSelectSelectable()[pri:0, instance:smokeTest.SelectSelectableTest@7a5d012c]" name="testSelectSelectable" duration-ms="810" started-at="2017-11-17T10:56:53Z" finished-at="2017-11-17T10:56:54Z">
          <reporter-output>
          </reporter-output>
        </test-method> <!-- testSelectSelectable -->
      </class> <!-- smokeTest.SelectSelectableTest -->
      <class name="smokeTest.OpenLoginPopupTest">
        <test-method status="PASS" signature="testOpenLoginPopup()[pri:0, instance:smokeTest.OpenLoginPopupTest@3fb6a447]" name="testOpenLoginPopup" duration-ms="200" started-at="2017-11-17T10:55:15Z" finished-at="2017-11-17T10:55:15Z">
          <reporter-output>
          </reporter-output>
        </test-method> <!-- testOpenLoginPopup -->
      </class> <!-- smokeTest.OpenLoginPopupTest -->
      <class name="smokeTest.AlertsTest">
        <test-method status="PASS" signature="readFiles()[pri:0, instance:smokeTest.AlertsTest@6b2fad11]" name="readFiles" is-config="true" duration-ms="2" started-at="2017-11-17T10:55:15Z" finished-at="2017-11-17T10:55:15Z">
          <reporter-output>
          </reporter-output>
        </test-method> <!-- readFiles -->
        <test-method status="PASS" signature="setup()[pri:0, instance:smokeTest.AlertsTest@6b2fad11]" name="setup" is-config="true" duration-ms="79" started-at="2017-11-17T10:55:15Z" finished-at="2017-11-17T10:55:15Z">
          <reporter-output>
          </reporter-output>
        </test-method> <!-- setup -->
        <test-method status="PASS" signature="readFiles()[pri:0, instance:smokeTest.DatepickerTest@73f792cf]" name="readFiles" is-config="true" duration-ms="1" started-at="2017-11-17T10:55:15Z" finished-at="2017-11-17T10:55:15Z">
          <reporter-output>
          </reporter-output>
        </test-method> <!-- readFiles -->
        <test-method status="PASS" signature="setup()[pri:0, instance:smokeTest.DatepickerTest@73f792cf]" name="setup" is-config="true" duration-ms="19" started-at="2017-11-17T10:55:15Z" finished-at="2017-11-17T10:55:15Z">
          <reporter-output>
          </reporter-output>
        </test-method> <!-- setup -->
        <test-method status="PASS" signature="setup()[pri:0, instance:smokeTest.DroppableTest@79b4d0f]" name="setup" is-config="true" duration-ms="5" started-at="2017-11-17T10:55:15Z" finished-at="2017-11-17T10:55:15Z">
          <reporter-output>
          </reporter-output>
        </test-method> <!-- setup -->
        <test-method status="PASS" signature="setup()[pri:0, instance:smokeTest.FillInLoginTest@79698539]" name="setup" is-config="true" duration-ms="3" started-at="2017-11-17T10:55:15Z" finished-at="2017-11-17T10:55:15Z">
          <reporter-output>
          </reporter-output>
        </test-method> <!-- setup -->
        <test-method status="PASS" signature="readFiles()[pri:0, instance:smokeTest.FillInLoginTest@79698539]" name="readFiles" is-config="true" duration-ms="0" started-at="2017-11-17T10:55:15Z" finished-at="2017-11-17T10:55:15Z">
          <reporter-output>
          </reporter-output>
        </test-method> <!-- readFiles -->
        <test-method status="PASS" signature="setup()[pri:0, instance:smokeTest.OpenLoginPopupTest@3fb6a447]" name="setup" is-config="true" duration-ms="4" started-at="2017-11-17T10:55:15Z" finished-at="2017-11-17T10:55:15Z">
          <reporter-output>
          </reporter-output>
        </test-method> <!-- setup -->
        <test-method status="PASS" signature="setup()[pri:0, instance:smokeTest.SelectAlertsTest@3796751b]" name="setup" is-config="true" duration-ms="6" started-at="2017-11-17T10:55:15Z" finished-at="2017-11-17T10:55:15Z">
          <reporter-output>
          </reporter-output>
        </test-method> <!-- setup -->
        <test-method status="PASS" signature="setup()[pri:0, instance:smokeTest.SelectDatepickerTest@380fb434]" name="setup" is-config="true" duration-ms="1" started-at="2017-11-17T10:55:15Z" finished-at="2017-11-17T10:55:15Z">
          <reporter-output>
          </reporter-output>
        </test-method> <!-- setup -->
        <test-method status="PASS" signature="setup()[pri:0, instance:smokeTest.SelectSelectableTest@7a5d012c]" name="setup" is-config="true" duration-ms="3" started-at="2017-11-17T10:55:15Z" finished-at="2017-11-17T10:55:15Z">
          <reporter-output>
          </reporter-output>
        </test-method> <!-- setup -->
        <test-method status="PASS" signature="setup()[pri:0, instance:smokeTest.SelectDroppableTest@3cda1055]" name="setup" is-config="true" duration-ms="0" started-at="2017-11-17T10:55:15Z" finished-at="2017-11-17T10:55:15Z">
          <reporter-output>
          </reporter-output>
        </test-method> <!-- setup -->
        <test-method status="PASS" signature="setup()[pri:0, instance:smokeTest.SelectSliderTest@38082d64]" name="setup" is-config="true" duration-ms="2" started-at="2017-11-17T10:55:15Z" finished-at="2017-11-17T10:55:15Z">
          <reporter-output>
          </reporter-output>
        </test-method> <!-- setup -->
        <test-method status="PASS" signature="setup()[pri:0, instance:smokeTest.SelectableTest@2ed94a8b]" name="setup" is-config="true" duration-ms="1" started-at="2017-11-17T10:55:15Z" finished-at="2017-11-17T10:55:15Z">
          <reporter-output>
          </reporter-output>
        </test-method> <!-- setup -->
        <test-method status="PASS" signature="setup()[pri:0, instance:smokeTest.SliderTest@668bc3d5]" name="setup" is-config="true" duration-ms="4" started-at="2017-11-17T10:55:15Z" finished-at="2017-11-17T10:55:15Z">
          <reporter-output>
          </reporter-output>
        </test-method> <!-- setup -->
        <test-method status="PASS" signature="testAlertsStep1()[pri:0, instance:smokeTest.AlertsTest@6b2fad11]" name="testAlertsStep1" duration-ms="443" started-at="2017-11-17T10:57:02Z" finished-at="2017-11-17T10:57:03Z">
          <reporter-output>
          </reporter-output>
        </test-method> <!-- testAlertsStep1 -->
        <test-method status="PASS" signature="testAlertsStep2()[pri:0, instance:smokeTest.AlertsTest@6b2fad11]" name="testAlertsStep2" duration-ms="255" started-at="2017-11-17T10:57:03Z" depends-on-methods="smokeTest.AlertsTest.testAlertsStep1" finished-at="2017-11-17T10:57:03Z">
          <reporter-output>
          </reporter-output>
        </test-method> <!-- testAlertsStep2 -->
        <test-method status="PASS" signature="testAlertsStep3()[pri:0, instance:smokeTest.AlertsTest@6b2fad11]" name="testAlertsStep3" duration-ms="114" started-at="2017-11-17T10:57:03Z" depends-on-methods="smokeTest.AlertsTest.testAlertsStep2" finished-at="2017-11-17T10:57:03Z">
          <reporter-output>
          </reporter-output>
        </test-method> <!-- testAlertsStep3 -->
        <test-method status="PASS" signature="testAlertsStep4()[pri:0, instance:smokeTest.AlertsTest@6b2fad11]" name="testAlertsStep4" duration-ms="393" started-at="2017-11-17T10:57:03Z" depends-on-methods="smokeTest.AlertsTest.testAlertsStep3" finished-at="2017-11-17T10:57:03Z">
          <reporter-output>
          </reporter-output>
        </test-method> <!-- testAlertsStep4 -->
        <test-method status="PASS" signature="testAlertsStep5()[pri:0, instance:smokeTest.AlertsTest@6b2fad11]" name="testAlertsStep5" duration-ms="258" started-at="2017-11-17T10:57:03Z" depends-on-methods="smokeTest.AlertsTest.testAlertsStep4" finished-at="2017-11-17T10:57:04Z">
          <reporter-output>
          </reporter-output>
        </test-method> <!-- testAlertsStep5 -->
        <test-method status="PASS" signature="testAlertsStep6()[pri:0, instance:smokeTest.AlertsTest@6b2fad11]" name="testAlertsStep6" duration-ms="742" started-at="2017-11-17T10:57:04Z" depends-on-methods="smokeTest.AlertsTest.testAlertsStep5" finished-at="2017-11-17T10:57:04Z">
          <reporter-output>
          </reporter-output>
        </test-method> <!-- testAlertsStep6 -->
      </class> <!-- smokeTest.AlertsTest -->
      <class name="smokeTest.DatepickerTest">
        <test-method status="PASS" signature="testFillDatePicker()[pri:0, instance:smokeTest.DatepickerTest@73f792cf]" name="testFillDatePicker" duration-ms="30377" started-at="2017-11-17T10:55:18Z" finished-at="2017-11-17T10:55:48Z">
          <reporter-output>
          </reporter-output>
        </test-method> <!-- testFillDatePicker -->
        <test-method status="PASS" signature="testSelTabAnimations()[pri:0, instance:smokeTest.DatepickerTest@73f792cf]" name="testSelTabAnimations" duration-ms="119" started-at="2017-11-17T10:55:48Z" depends-on-methods="smokeTest.DatepickerTest.testFillDatePicker" finished-at="2017-11-17T10:55:48Z">
          <reporter-output>
          </reporter-output>
        </test-method> <!-- testSelTabAnimations -->
        <test-method status="PASS" signature="testTabAnimationsCommands()[pri:0, instance:smokeTest.DatepickerTest@73f792cf]" name="testTabAnimationsCommands" duration-ms="33079" started-at="2017-11-17T10:55:48Z" depends-on-methods="smokeTest.DatepickerTest.testSelTabAnimations" finished-at="2017-11-17T10:56:21Z">
          <reporter-output>
          </reporter-output>
        </test-method> <!-- testTabAnimationsCommands -->
        <test-method status="PASS" signature="testTabDisplayMonthAndYear()[pri:0, instance:smokeTest.DatepickerTest@73f792cf]" name="testTabDisplayMonthAndYear" duration-ms="108" started-at="2017-11-17T10:56:21Z" depends-on-methods="smokeTest.DatepickerTest.testTabAnimationsCommands" finished-at="2017-11-17T10:56:21Z">
          <reporter-output>
          </reporter-output>
        </test-method> <!-- testTabDisplayMonthAndYear -->
        <test-method status="PASS" signature="testTabDisplayMonthAndYearCommands()[pri:0, instance:smokeTest.DatepickerTest@73f792cf]" name="testTabDisplayMonthAndYearCommands" duration-ms="30222" started-at="2017-11-17T10:56:21Z" depends-on-methods="smokeTest.DatepickerTest.testTabDisplayMonthAndYear" finished-at="2017-11-17T10:56:52Z">
          <reporter-output>
          </reporter-output>
        </test-method> <!-- testTabDisplayMonthAndYearCommands -->
        <test-method status="PASS" signature="testSelTabFormatDate()[pri:0, instance:smokeTest.DatepickerTest@73f792cf]" name="testSelTabFormatDate" duration-ms="133" started-at="2017-11-17T10:56:52Z" depends-on-methods="smokeTest.DatepickerTest.testTabDisplayMonthAndYearCommands" finished-at="2017-11-17T10:56:52Z">
          <reporter-output>
          </reporter-output>
        </test-method> <!-- testSelTabFormatDate -->
        <test-method status="PASS" signature="testTabFormatDateCommands()[pri:0, instance:smokeTest.DatepickerTest@73f792cf]" name="testTabFormatDateCommands" duration-ms="334" started-at="2017-11-17T10:56:52Z" depends-on-methods="smokeTest.DatepickerTest.testSelTabFormatDate" finished-at="2017-11-17T10:56:52Z">
          <reporter-output>
          </reporter-output>
        </test-method> <!-- testTabFormatDateCommands -->
        <test-method status="PASS" signature="testShowDatePicker()[pri:0, instance:smokeTest.DatepickerTest@73f792cf]" name="testShowDatePicker" duration-ms="1190" started-at="2017-11-17T10:56:52Z" depends-on-methods="smokeTest.DatepickerTest.testTabFormatDateCommands" finished-at="2017-11-17T10:56:53Z">
          <reporter-output>
          </reporter-output>
        </test-method> <!-- testShowDatePicker -->
      </class> <!-- smokeTest.DatepickerTest -->
      <class name="smokeTest.SelectSliderTest">
        <test-method status="PASS" signature="testSelectDroppable()[pri:0, instance:smokeTest.SelectSliderTest@38082d64]" name="testSelectDroppable" duration-ms="503" started-at="2017-11-17T10:57:05Z" finished-at="2017-11-17T10:57:06Z">
          <reporter-output>
          </reporter-output>
        </test-method> <!-- testSelectDroppable -->
      </class> <!-- smokeTest.SelectSliderTest -->
      <class name="smokeTest.SliderTest">
        <test-method status="PASS" signature="testSlider()[pri:0, instance:smokeTest.SliderTest@668bc3d5]" name="testSlider" duration-ms="292" started-at="2017-11-17T10:57:06Z" finished-at="2017-11-17T10:57:06Z">
          <reporter-output>
          </reporter-output>
        </test-method> <!-- testSlider -->
      </class> <!-- smokeTest.SliderTest -->
    </test> <!-- smoketest -->
  </suite> <!-- suite -->
</testng-results>
