<?xml version="1.0" encoding="UTF-8"?>
<testsuite xmlns:xsi="http://www.w3.org/2001/XMLSchema-instance" xsi:schemaLocation="https://maven.apache.org/surefire/maven-surefire-plugin/xsd/surefire-test-report.xsd" name="TestSuite" time="176.831" tests="27" errors="0" skipped="2" failures="2">
  <properties>
[...]
</properties>
  <testcase name="testOpenLoginPopup" classname="smokeTest.OpenLoginPopupTest" time="0.184"/>
  <testcase name="testFillInLogin" classname="smokeTest.FillInLoginTest" time="0.397"/>
  <testcase name="testSelectDatepicker" classname="smokeTest.SelectDatepickerTest" time="2.379"/>
  <testcase name="testFillDatePicker" classname="smokeTest.DatepickerTest" time="30.371"/>
  <testcase name="testSelTabAnimations" classname="smokeTest.DatepickerTest" time="0.128"/>
  <testcase name="testTabAnimationsCommands" classname="smokeTest.DatepickerTest" time="30.533"/>
  <testcase name="testTabDisplayMonthAndYear" classname="smokeTest.DatepickerTest" time="0.122"/>
  <testcase name="testTabDisplayMonthAndYearCommands" classname="smokeTest.DatepickerTest" time="30.183"/>
  <testcase name="testSelTabFormatDate" classname="smokeTest.DatepickerTest" time="0.121"/>
  <testcase name="testTabFormatDateCommands" classname="smokeTest.DatepickerTest" time="0.311"/>
  <testcase name="testShowDatePicker" classname="smokeTest.DatepickerTest" time="0.191">
    <failure message="Date Picker not visible expected [true] but found [false]" type="java.lang.AssertionError">java.lang.AssertionError: Date Picker not visible expected [true] but found [false]
	at smokeTest.DatepickerTest.testShowDatePicker(DatepickerTest.java:89)
</failure>
  </testcase>
  <testcase name="testSelectSelectable" classname="smokeTest.SelectSelectableTest" time="0.795"/>
  <testcase name="testSelectableFirstIteration" classname="smokeTest.SelectableTest" time="2.112"/>
  <testcase name="testSelectableDisplayAsGrid" classname="smokeTest.SelectableTest" time="0.095"/>
  <testcase name="testSelectableSecondIteration" classname="smokeTest.SelectableTest" time="3.552"/>
  <testcase name="testSelectableTabSerialize" classname="smokeTest.SelectableTest" time="0.098"/>
  <testcase name="testSelectableThirdIterator" classname="smokeTest.SelectableTest" time="1.841"/>
  <testcase name="testSelectAlerts" classname="smokeTest.SelectAlertsTest" time="0.45"/>
  <testcase name="testAlertsShowFirstAlert" classname="smokeTest.AlertsTest" time="0.369"/>
  <testcase name="testAlertsAcceptAlert" classname="smokeTest.AlertsTest" time="0.184"/>
  <testcase name="testAlertsTabInputAlert" classname="smokeTest.AlertsTest" time="0.114">
    <failure message="expected [true] but found [false]" type="java.lang.AssertionError">java.lang.AssertionError: expected [true] but found [false]
	at smokeTest.AlertsTest.testAlertsTabInputAlert(AlertsTest.java:64)
</failure>
  </testcase>
  <testcase name="testAlertsShowSecondAlert" classname="smokeTest.AlertsTest" time="0">
    <skipped/>
  </testcase>
  <testcase name="testAlertsInsertText" classname="smokeTest.AlertsTest" time="0">
    <skipped/>
  </testcase>
  <testcase name="testSelectDroppable" classname="smokeTest.SelectDroppableTest" time="1.836"/>
  <testcase name="testDroppable" classname="smokeTest.DroppableTest" time="0.387"/>
  <testcase name="testSelectDroppable" classname="smokeTest.SelectSliderTest" time="0.666"/>
  <testcase name="testSlider" classname="smokeTest.SliderTest" time="0.329"/>
</testsuite>