<?xml version="1.0" encoding="UTF-8"?>
<testsuite xmlns:xsi="http://www.w3.org/2001/XMLSchema-instance" xsi:schemaLocation="https://maven.apache.org/surefire/maven-surefire-plugin/xsd/surefire-test-report.xsd" name="TestSuite" time="181.156" tests="28" errors="0" skipped="0" failures="0">
  <properties>
[...]
</properties>
  <testcase name="testOpenLoginPopup" classname="smokeTest.OpenLoginPopupTest" time="0.201"/>
  <testcase name="testFillInLogin" classname="smokeTest.FillInLoginTest" time="0.398"/>
  <testcase name="testSelectDatepicker" classname="smokeTest.SelectDatepickerTest" time="2.282"/>
  <testcase name="testFillDatePicker" classname="smokeTest.DatepickerTest" time="30.378"/>
  <testcase name="testSelTabAnimations" classname="smokeTest.DatepickerTest" time="0.12"/>
  <testcase name="testTabAnimationsCommands" classname="smokeTest.DatepickerTest" time="33.079"/>
  <testcase name="testTabDisplayMonthAndYear" classname="smokeTest.DatepickerTest" time="0.108"/>
  <testcase name="testTabDisplayMonthAndYearCommands" classname="smokeTest.DatepickerTest" time="30.222"/>
  <testcase name="testSelTabFormatDate" classname="smokeTest.DatepickerTest" time="0.133"/>
  <testcase name="testTabFormatDateCommands" classname="smokeTest.DatepickerTest" time="0.334"/>
  <testcase name="testShowDatePicker" classname="smokeTest.DatepickerTest" time="1.19"/>
  <testcase name="testSelectSelectable" classname="smokeTest.SelectSelectableTest" time="0.81"/>
  <testcase name="testSelectableStep1" classname="smokeTest.SelectableTest" time="2.107"/>
  <testcase name="testSelectableStep2" classname="smokeTest.SelectableTest" time="0.099"/>
  <testcase name="testSelectableStep3" classname="smokeTest.SelectableTest" time="3.542"/>
  <testcase name="testSelectableStep4" classname="smokeTest.SelectableTest" time="0.095"/>
  <testcase name="testSelectableStep5" classname="smokeTest.SelectableTest" time="1.882"/>
  <testcase name="testSelectAlerts" classname="smokeTest.SelectAlertsTest" time="0.443"/>
  <testcase name="testAlertsStep1" classname="smokeTest.AlertsTest" time="0.442"/>
  <testcase name="testAlertsStep2" classname="smokeTest.AlertsTest" time="0.255"/>
  <testcase name="testAlertsStep3" classname="smokeTest.AlertsTest" time="0.114"/>
  <testcase name="testAlertsStep4" classname="smokeTest.AlertsTest" time="0.393"/>
  <testcase name="testAlertsStep5" classname="smokeTest.AlertsTest" time="0.258"/>
  <testcase name="testAlertsStep6" classname="smokeTest.AlertsTest" time="0.742"/>
  <testcase name="testSelectDroppable" classname="smokeTest.SelectDroppableTest" time="0.484"/>
  <testcase name="testDroppable" classname="smokeTest.DroppableTest" time="0.378"/>
  <testcase name="testSelectDroppable" classname="smokeTest.SelectSliderTest" time="0.503"/>
  <testcase name="testSlider" classname="smokeTest.SliderTest" time="0.292"/>
</testsuite>